C:\Users\dmitr\PycharmProjects\aopssop_lib\venv\Scripts\python.exe "C:/Program Files/JetBrains/PyCharm 2022.2.2/plugins/python/helpers/pycharm/_jb_pytest_runner.py" --path C:\Users\dmitr\PycharmProjects\aopssop_lib\tests\aossop_tests.py 
Testing started at 7:30 PM ...
Launching pytest with arguments C:\Users\dmitr\PycharmProjects\aopssop_lib\tests\aossop_tests.py --no-header --no-summary -q in C:\Users\dmitr\PycharmProjects\aopssop_lib\tests

============================= test session starts =============================
collecting ... collected 12 items

aossop_tests.py::TestAOSSOP::test_ce_estimate 
aossop_tests.py::TestAOSSOP::test_ce_is_not_none 
aossop_tests.py::TestAOSSOP::test_dl_is_not_none 
aossop_tests.py::TestAOSSOP::test_fd_delimiter_is_correct 
aossop_tests.py::TestAOSSOP::test_fd_file_exists PASSED                     [  8%]Test 1 BEGIN
test_ce_estimate
Model: "sequential"
_________________________________________________________________
 Layer (type)                Output Shape              Param #   
=================================================================
 dense (Dense)               (None, 30)                90        
                                                                 
 dense_1 (Dense)             (None, 15)                465       
                                                                 
 dense_2 (Dense)             (None, 7)                 112       
                                                                 
 dense_3 (Dense)             (None, 1)                 8         
                                                                 
=================================================================
Total params: 675
Trainable params: 675
Non-trainable params: 0
_________________________________________________________________
None
Epoch 1/10
1/1 [==============================] - 1s 508ms/step - loss: 0.6667 - accuracy: 0.3333 - binary_accuracy: 0.3333 - val_loss: 0.0000e+00 - val_accuracy: 1.0000 - val_binary_accuracy: 1.0000
Epoch 2/10
1/1 [==============================] - 0s 17ms/step - loss: 0.6667 - accuracy: 0.3333 - binary_accuracy: 0.3333 - val_loss: 0.0000e+00 - val_accuracy: 1.0000 - val_binary_accuracy: 1.0000
Epoch 3/10
1/1 [==============================] - 0s 16ms/step - loss: 0.6667 - accuracy: 0.3333 - binary_accuracy: 0.3333 - val_loss: 0.0000e+00 - val_accuracy: 1.0000 - val_binary_accuracy: 1.0000
Epoch 4/10
1/1 [==============================] - 0s 17ms/step - loss: 0.6667 - accuracy: 0.3333 - binary_accuracy: 0.3333 - val_loss: 0.0000e+00 - val_accuracy: 1.0000 - val_binary_accuracy: 1.0000
Epoch 5/10
1/1 [==============================] - 0s 17ms/step - loss: 0.6667 - accuracy: 0.3333 - binary_accuracy: 0.3333 - val_loss: 0.0000e+00 - val_accuracy: 1.0000 - val_binary_accuracy: 1.0000
Epoch 6/10
1/1 [==============================] - 0s 16ms/step - loss: 0.6667 - accuracy: 0.3333 - binary_accuracy: 0.3333 - val_loss: 0.0000e+00 - val_accuracy: 1.0000 - val_binary_accuracy: 1.0000
Epoch 7/10
1/1 [==============================] - 0s 16ms/step - loss: 0.6667 - accuracy: 0.3333 - binary_accuracy: 0.3333 - val_loss: 0.0000e+00 - val_accuracy: 1.0000 - val_binary_accuracy: 1.0000
Epoch 8/10
1/1 [==============================] - 0s 17ms/step - loss: 0.6667 - accuracy: 0.3333 - binary_accuracy: 0.3333 - val_loss: 0.0000e+00 - val_accuracy: 1.0000 - val_binary_accuracy: 1.0000
Epoch 9/10
1/1 [==============================] - 0s 16ms/step - loss: 0.6667 - accuracy: 0.3333 - binary_accuracy: 0.3333 - val_loss: 0.0000e+00 - val_accuracy: 1.0000 - val_binary_accuracy: 1.0000
Epoch 10/10
1/1 [==============================] - 0s 17ms/step - loss: 0.6667 - accuracy: 0.3333 - binary_accuracy: 0.3333 - val_loss: 0.0000e+00 - val_accuracy: 1.0000 - val_binary_accuracy: 1.0000
precision of decision_tree on training sample (3 instances): [1. 1.]
recall of decision_tree on training sample (3 instances): [1. 1.]
fscore of decision_tree on training sample (3 instances): [1. 1.]
accuracy of decision_tree on training sample (3 instances): 1.0
precision of decision_tree on testing sample (1 instances): [0. 0.]
recall of decision_tree on testing sample (1 instances): [0. 0.]
fscore of decision_tree on testing sample (1 instances): [0. 0.]
accuracy of decision_tree on testing sample (1 instances): 0.0
precision of naive_bayes on training sample (3 instances): [1. 1.]
recall of naive_bayes on training sample (3 instances): [1. 1.]
fscore of naive_bayes on training sample (3 instances): [1. 1.]
accuracy of naive_bayes on training sample (3 instances): 1.0
precision of naive_bayes on testing sample (1 instances): [0. 0.]
recall of naive_bayes on testing sample (1 instances): [0. 0.]
fscore of naive_bayes on testing sample (1 instances): [0. 0.]
accuracy of naive_bayes on testing sample (1 instances): 0.0
precision of logistic_regression on training sample (3 instances): [1. 1.]
recall of logistic_regression on training sample (3 instances): [1. 1.]
fscore of logistic_regression on training sample (3 instances): [1. 1.]
accuracy of logistic_regression on training sample (3 instances): 1.0
precision of logistic_regression on testing sample (1 instances): [0. 0.]
recall of logistic_regression on testing sample (1 instances): [0. 0.]
fscore of logistic_regression on testing sample (1 instances): [0. 0.]
accuracy of logistic_regression on testing sample (1 instances): 0.0
Epoch 1/10
1/1 [==============================] - 0s 396ms/step - loss: 0.0000e+00 - accuracy: 1.0000 - binary_accuracy: 1.0000 - val_loss: 1.0000 - val_accuracy: 0.0000e+00 - val_binary_accuracy: 0.0000e+00
Epoch 2/10
1/1 [==============================] - 0s 18ms/step - loss: 0.0000e+00 - accuracy: 1.0000 - binary_accuracy: 1.0000 - val_loss: 1.0000 - val_accuracy: 0.0000e+00 - val_binary_accuracy: 0.0000e+00
Epoch 3/10
1/1 [==============================] - 0s 17ms/step - loss: 0.0000e+00 - accuracy: 1.0000 - binary_accuracy: 1.0000 - val_loss: 1.0000 - val_accuracy: 0.0000e+00 - val_binary_accuracy: 0.0000e+00
Epoch 4/10
1/1 [==============================] - 0s 17ms/step - loss: 0.0000e+00 - accuracy: 1.0000 - binary_accuracy: 1.0000 - val_loss: 1.0000 - val_accuracy: 0.0000e+00 - val_binary_accuracy: 0.0000e+00
Epoch 5/10
1/1 [==============================] - 0s 18ms/step - loss: 0.0000e+00 - accuracy: 1.0000 - binary_accuracy: 1.0000 - val_loss: 1.0000 - val_accuracy: 0.0000e+00 - val_binary_accuracy: 0.0000e+00
Epoch 6/10
1/1 [==============================] - 0s 17ms/step - loss: 0.0000e+00 - accuracy: 1.0000 - binary_accuracy: 1.0000 - val_loss: 1.0000 - val_accuracy: 0.0000e+00 - val_binary_accuracy: 0.0000e+00
Epoch 7/10
1/1 [==============================] - 0s 17ms/step - loss: 0.0000e+00 - accuracy: 1.0000 - binary_accuracy: 1.0000 - val_loss: 1.0000 - val_accuracy: 0.0000e+00 - val_binary_accuracy: 0.0000e+00
Epoch 8/10
1/1 [==============================] - 0s 18ms/step - loss: 0.0000e+00 - accuracy: 1.0000 - binary_accuracy: 1.0000 - val_loss: 1.0000 - val_accuracy: 0.0000e+00 - val_binary_accuracy: 0.0000e+00
Epoch 9/10
1/1 [==============================] - 0s 16ms/step - loss: 0.0000e+00 - accuracy: 1.0000 - binary_accuracy: 1.0000 - val_loss: 1.0000 - val_accuracy: 0.0000e+00 - val_binary_accuracy: 0.0000e+00
Epoch 10/10
1/1 [==============================] - 0s 17ms/step - loss: 0.0000e+00 - accuracy: 1.0000 - binary_accuracy: 1.0000 - val_loss: 1.0000 - val_accuracy: 0.0000e+00 - val_binary_accuracy: 0.0000e+00
1/1 [==============================] - 0s 61ms/step
precision of neural_network on training sample (3 instances): [0.66666667 0.        ]
recall of neural_network on training sample (3 instances): [1. 0.]
fscore of neural_network on training sample (3 instances): [0.8 0. ]
accuracy of neural_network on training sample (3 instances): 0.6666666666666666
1/1 [==============================] - 0s 12ms/step
precision of neural_network on testing sample (1 instances): [0. 0.]
recall of neural_network on testing sample (1 instances): [0. 0.]
fscore of neural_network on testing sample (1 instances): [0. 0.]
accuracy of neural_network on testing sample (1 instances): 0.0
Test 1 END
2023-01-09 19:30:58.399186: W tensorflow/stream_executor/platform/default/dso_loader.cc:64] Could not load dynamic library 'cudart64_110.dll'; dlerror: cudart64_110.dll not found
2023-01-09 19:30:58.400425: W tensorflow/stream_executor/platform/default/dso_loader.cc:64] Could not load dynamic library 'cublas64_11.dll'; dlerror: cublas64_11.dll not found
2023-01-09 19:30:58.401585: W tensorflow/stream_executor/platform/default/dso_loader.cc:64] Could not load dynamic library 'cublasLt64_11.dll'; dlerror: cublasLt64_11.dll not found
2023-01-09 19:30:58.402907: W tensorflow/stream_executor/platform/default/dso_loader.cc:64] Could not load dynamic library 'cufft64_10.dll'; dlerror: cufft64_10.dll not found
2023-01-09 19:30:58.403944: W tensorflow/stream_executor/platform/default/dso_loader.cc:64] Could not load dynamic library 'curand64_10.dll'; dlerror: curand64_10.dll not found
2023-01-09 19:30:58.404462: W tensorflow/stream_executor/platform/default/dso_loader.cc:64] Could not load dynamic library 'cusolver64_11.dll'; dlerror: cusolver64_11.dll not found
2023-01-09 19:30:58.404985: W tensorflow/stream_executor/platform/default/dso_loader.cc:64] Could not load dynamic library 'cusparse64_11.dll'; dlerror: cusparse64_11.dll not found
2023-01-09 19:30:58.405507: W tensorflow/stream_executor/platform/default/dso_loader.cc:64] Could not load dynamic library 'cudnn64_8.dll'; dlerror: cudnn64_8.dll not found
2023-01-09 19:30:58.405785: W tensorflow/core/common_runtime/gpu/gpu_device.cc:1934] Cannot dlopen some GPU libraries. Please make sure the missing libraries mentioned above are installed properly if you would like to use GPU. Follow the guide at https://www.tensorflow.org/install/gpu for how to download and setup the required libraries for your platform.
Skipping registering GPU devices...
2023-01-09 19:30:58.407489: I tensorflow/core/platform/cpu_feature_guard.cc:193] This TensorFlow binary is optimized with oneAPI Deep Neural Network Library (oneDNN) to use the following CPU instructions in performance-critical operations:  AVX AVX2
To enable them in other operations, rebuild TensorFlow with the appropriate compiler flags.
PASSED                  [ 16%]Test 1 BEGIN
test_ce_is_not_none
Model: "sequential_1"
_________________________________________________________________
 Layer (type)                Output Shape              Param #   
=================================================================
 dense_4 (Dense)             (None, 30)                90        
                                                                 
 dense_5 (Dense)             (None, 15)                465       
                                                                 
 dense_6 (Dense)             (None, 7)                 112       
                                                                 
 dense_7 (Dense)             (None, 1)                 8         
                                                                 
=================================================================
Total params: 675
Trainable params: 675
Non-trainable params: 0
_________________________________________________________________
None
Test 1 END
PASSED                  [ 25%]Test 1 BEGIN
test_dl_is_not_none
Test 1 END
PASSED         [ 33%]Test 1 BEGIN
test_fd_delimiter_is_correct
Test 1 END
FAILED                  [ 41%]Test 1 BEGIN
Test 1 END

tests\aossop_tests.py:97 (TestAOSSOP.test_fd_file_exists)
self = <tests.aossop_tests.TestAOSSOP testMethod=test_fd_file_exists>

    def test_fd_file_exists(self):
        tmp_file = tempfile.NamedTemporaryFile()
        try:
>           FormatDetector(tmp_file.name)

aossop_tests.py:101: 
_ _ _ _ _ _ _ _ _ _ _ _ _ _ _ _ _ _ _ _ _ _ _ _ _ _ _ _ _ _ _ _ _ _ _ _ _ _ _ _

self = <aopssop.assessment.aossop.aossop.FormatDetector object at 0x000001B3166AB1F0>
file = 'C:\\Users\\dmitr\\AppData\\Local\\Temp\\tmp_5x4bvlq'

    def __init__(self, file):
        """
        Initialization of the object of FormatDetector class
    
        :param file: name of the file that contains data to process
        :type file: str
        """
        n, d = None, None
        if not os.path.isfile(file):
            raise Exception('File does not exist')
>       with gzip.open(file, 'rb') if file.endswith('.gz') else open(file, 'r') as fh:
E       PermissionError: [Errno 13] Permission denied: 'C:\\Users\\dmitr\\AppData\\Local\\Temp\\tmp_5x4bvlq'

..\aopssop\assessment\aossop\aossop.py:257: PermissionError

During handling of the above exception, another exception occurred:

self = <tests.aossop_tests.TestAOSSOP testMethod=test_fd_file_exists>

    def test_fd_file_exists(self):
        tmp_file = tempfile.NamedTemporaryFile()
        try:
            FormatDetector(tmp_file.name)
        except:
>           self.assertTrue(False, 'Error: file "{}" must exist'.format(tmp_file))
E           AssertionError: False is not true : Error: file "<tempfile._TemporaryFileWrapper object at 0x000001B3166AB6A0>" must exist

aossop_tests.py:103: AssertionError
PASSED                  [ 50%]Test 1 BEGIN
test_fd_is_not_none
Test 1 END
PASSED                          [ 58%]Test 1 BEGIN
test_sc_fit
Model: "sequential_2"
_________________________________________________________________
 Layer (type)                Output Shape              Param #   
=================================================================
 dense_8 (Dense)             (None, 30)                90        
                                                                 
 dense_9 (Dense)             (None, 15)                465       
                                                                 
 dense_10 (Dense)            (None, 7)                 112       
                                                                 
 dense_11 (Dense)            (None, 1)                 8         
                                                                 
=================================================================
Total params: 675
Trainable params: 675
Non-trainable params: 0
_________________________________________________________________
None
Epoch 1/10
1/1 [==============================] - 0s 458ms/step - loss: 0.4679 - accuracy: 0.3333 - binary_accuracy: 0.3333 - val_loss: 0.0095 - val_accuracy: 1.0000 - val_binary_accuracy: 1.0000
Epoch 2/10
1/1 [==============================] - 0s 18ms/step - loss: 0.4525 - accuracy: 0.3333 - binary_accuracy: 0.3333 - val_loss: 0.0104 - val_accuracy: 1.0000 - val_binary_accuracy: 1.0000
Epoch 3/10
1/1 [==============================] - 0s 42ms/step - loss: 0.4372 - accuracy: 0.3333 - binary_accuracy: 0.3333 - val_loss: 0.0114 - val_accuracy: 1.0000 - val_binary_accuracy: 1.0000
Epoch 4/10
1/1 [==============================] - 0s 29ms/step - loss: 0.4221 - accuracy: 0.3333 - binary_accuracy: 0.3333 - val_loss: 0.0124 - val_accuracy: 1.0000 - val_binary_accuracy: 1.0000
Epoch 5/10
1/1 [==============================] - 0s 16ms/step - loss: 0.4072 - accuracy: 0.3333 - binary_accuracy: 0.3333 - val_loss: 0.0134 - val_accuracy: 1.0000 - val_binary_accuracy: 1.0000
Epoch 6/10
1/1 [==============================] - 0s 17ms/step - loss: 0.3924 - accuracy: 0.3333 - binary_accuracy: 0.3333 - val_loss: 0.0145 - val_accuracy: 1.0000 - val_binary_accuracy: 1.0000
Epoch 7/10
1/1 [==============================] - 0s 16ms/step - loss: 0.3779 - accuracy: 0.3333 - binary_accuracy: 0.3333 - val_loss: 0.0157 - val_accuracy: 1.0000 - val_binary_accuracy: 1.0000
Epoch 8/10
1/1 [==============================] - 0s 16ms/step - loss: 0.3635 - accuracy: 0.3333 - binary_accuracy: 0.3333 - val_loss: 0.0170 - val_accuracy: 1.0000 - val_binary_accuracy: 1.0000
Epoch 9/10
1/1 [==============================] - 0s 16ms/step - loss: 0.3493 - accuracy: 0.3333 - binary_accuracy: 0.3333 - val_loss: 0.0184 - val_accuracy: 1.0000 - val_binary_accuracy: 1.0000
Epoch 10/10
1/1 [==============================] - 0s 16ms/step - loss: 0.3357 - accuracy: 0.3333 - binary_accuracy: 0.3333 - val_loss: 0.0198 - val_accuracy: 1.0000 - val_binary_accuracy: 1.0000
Test 1 END
PASSED                  [ 66%]Test 1 BEGIN
test_sc_is_not_none
Model: "sequential_3"
_________________________________________________________________
 Layer (type)                Output Shape              Param #   
=================================================================
 dense_12 (Dense)            (None, 30)                330       
                                                                 
 dense_13 (Dense)            (None, 15)                465       
                                                                 
 dense_14 (Dense)            (None, 7)                 112       
                                                                 
 dense_15 (Dense)            (None, 1)                 8         
                                                                 
=================================================================
Total params: 915
Trainable params: 915
Non-trainable params: 0
_________________________________________________________________
None
Test 1 END
PASSED                         [ 75%]Test 1 BEGIN
test_sc_load
Model: "sequential_4"
_________________________________________________________________
 Layer (type)                Output Shape              Param #   
=================================================================
 dense_16 (Dense)            (None, 30)                90        
                                                                 
 dense_17 (Dense)            (None, 15)                465       
                                                                 
 dense_18 (Dense)            (None, 7)                 112       
                                                                 
 dense_19 (Dense)            (None, 1)                 8         
                                                                 
=================================================================
Total params: 675
Trainable params: 675
Non-trainable params: 0
_________________________________________________________________
None
Test 1 END
PASSED                      [ 83%]Test 1 BEGIN
test_sc_predict
Model: "sequential_5"
_________________________________________________________________
 Layer (type)                Output Shape              Param #   
=================================================================
 dense_20 (Dense)            (None, 30)                90        
                                                                 
 dense_21 (Dense)            (None, 15)                465       
                                                                 
 dense_22 (Dense)            (None, 7)                 112       
                                                                 
 dense_23 (Dense)            (None, 1)                 8         
                                                                 
=================================================================
Total params: 675
Trainable params: 675
Non-trainable params: 0
_________________________________________________________________
None
Epoch 1/10
1/1 [==============================] - 0s 394ms/step - loss: 0.6969 - accuracy: 0.3333 - binary_accuracy: 0.3333 - val_loss: 7.0394e-04 - val_accuracy: 1.0000 - val_binary_accuracy: 1.0000
Epoch 2/10
1/1 [==============================] - 0s 16ms/step - loss: 0.6897 - accuracy: 0.3333 - binary_accuracy: 0.3333 - val_loss: 3.2905e-04 - val_accuracy: 1.0000 - val_binary_accuracy: 1.0000
Epoch 3/10
1/1 [==============================] - 0s 17ms/step - loss: 0.6835 - accuracy: 0.3333 - binary_accuracy: 0.3333 - val_loss: 9.6758e-05 - val_accuracy: 1.0000 - val_binary_accuracy: 1.0000
Epoch 4/10
1/1 [==============================] - 0s 16ms/step - loss: 0.6784 - accuracy: 0.3333 - binary_accuracy: 0.3333 - val_loss: 2.8085e-06 - val_accuracy: 1.0000 - val_binary_accuracy: 1.0000
Epoch 5/10
1/1 [==============================] - 0s 16ms/step - loss: 0.6743 - accuracy: 0.3333 - binary_accuracy: 0.3333 - val_loss: 0.0000e+00 - val_accuracy: 1.0000 - val_binary_accuracy: 1.0000
Epoch 6/10
1/1 [==============================] - 0s 17ms/step - loss: 0.6712 - accuracy: 0.3333 - binary_accuracy: 0.3333 - val_loss: 0.0000e+00 - val_accuracy: 1.0000 - val_binary_accuracy: 1.0000
Epoch 7/10
1/1 [==============================] - 0s 17ms/step - loss: 0.6689 - accuracy: 0.3333 - binary_accuracy: 0.3333 - val_loss: 0.0000e+00 - val_accuracy: 1.0000 - val_binary_accuracy: 1.0000
Epoch 8/10
1/1 [==============================] - 0s 16ms/step - loss: 0.6675 - accuracy: 0.3333 - binary_accuracy: 0.3333 - val_loss: 0.0000e+00 - val_accuracy: 1.0000 - val_binary_accuracy: 1.0000
Epoch 9/10
1/1 [==============================] - 0s 17ms/step - loss: 0.6668 - accuracy: 0.3333 - binary_accuracy: 0.3333 - val_loss: 0.0000e+00 - val_accuracy: 1.0000 - val_binary_accuracy: 1.0000
Epoch 10/10
1/1 [==============================] - 0s 16ms/step - loss: 0.6667 - accuracy: 0.3333 - binary_accuracy: 0.3333 - val_loss: 0.0000e+00 - val_accuracy: 1.0000 - val_binary_accuracy: 1.0000
1/1 [==============================] - 0s 37ms/step
Test 1 END
PASSED                         [ 91%]Test 1 BEGIN
test_sc_save
Model: "sequential_6"
_________________________________________________________________
 Layer (type)                Output Shape              Param #   
=================================================================
 dense_24 (Dense)            (None, 30)                90        
                                                                 
 dense_25 (Dense)            (None, 15)                465       
                                                                 
 dense_26 (Dense)            (None, 7)                 112       
                                                                 
 dense_27 (Dense)            (None, 1)                 8         
                                                                 
=================================================================
Total params: 675
Trainable params: 675
Non-trainable params: 0
_________________________________________________________________
None
Epoch 1/10
1/1 [==============================] - 0s 386ms/step - loss: 0.4337 - accuracy: 0.3333 - binary_accuracy: 0.3333 - val_loss: 0.0027 - val_accuracy: 1.0000 - val_binary_accuracy: 1.0000
Epoch 2/10
1/1 [==============================] - 0s 16ms/step - loss: 0.4194 - accuracy: 0.3333 - binary_accuracy: 0.3333 - val_loss: 0.0028 - val_accuracy: 1.0000 - val_binary_accuracy: 1.0000
Epoch 3/10
1/1 [==============================] - 0s 16ms/step - loss: 0.4051 - accuracy: 0.3333 - binary_accuracy: 0.3333 - val_loss: 0.0028 - val_accuracy: 1.0000 - val_binary_accuracy: 1.0000
Epoch 4/10
1/1 [==============================] - 0s 17ms/step - loss: 0.3910 - accuracy: 0.3333 - binary_accuracy: 0.3333 - val_loss: 0.0029 - val_accuracy: 1.0000 - val_binary_accuracy: 1.0000
Epoch 5/10
1/1 [==============================] - 0s 16ms/step - loss: 0.3763 - accuracy: 0.3333 - binary_accuracy: 0.3333 - val_loss: 0.0029 - val_accuracy: 1.0000 - val_binary_accuracy: 1.0000
Epoch 6/10
1/1 [==============================] - 0s 16ms/step - loss: 0.3618 - accuracy: 0.3333 - binary_accuracy: 0.3333 - val_loss: 0.0030 - val_accuracy: 1.0000 - val_binary_accuracy: 1.0000
Epoch 7/10
1/1 [==============================] - 0s 17ms/step - loss: 0.3473 - accuracy: 0.3333 - binary_accuracy: 0.3333 - val_loss: 0.0030 - val_accuracy: 1.0000 - val_binary_accuracy: 1.0000
Epoch 8/10
1/1 [==============================] - 0s 17ms/step - loss: 0.3331 - accuracy: 0.3333 - binary_accuracy: 0.3333 - val_loss: 0.0031 - val_accuracy: 1.0000 - val_binary_accuracy: 1.0000
Epoch 9/10
1/1 [==============================] - 0s 17ms/step - loss: 0.3190 - accuracy: 0.3333 - binary_accuracy: 0.3333 - val_loss: 0.0032 - val_accuracy: 1.0000 - val_binary_accuracy: 1.0000
Epoch 10/10
1/1 [==============================] - 0s 16ms/step - loss: 0.3049 - accuracy: 0.3333 - binary_accuracy: 0.3333 - val_loss: 0.0033 - val_accuracy: 1.0000 - val_binary_accuracy: 1.0000
Test 1 END
PASSED              [100%]Test 1 BEGIN
test_sc_type_is_correct
Model: "sequential_7"
_________________________________________________________________
 Layer (type)                Output Shape              Param #   
=================================================================
 dense_28 (Dense)            (None, 30)                330       
                                                                 
 dense_29 (Dense)            (None, 15)                465       
                                                                 
 dense_30 (Dense)            (None, 7)                 112       
                                                                 
 dense_31 (Dense)            (None, 1)                 8         
                                                                 
=================================================================
Total params: 915
Trainable params: 915
Non-trainable params: 0
_________________________________________________________________
None
Test 1 END





aossop_tests.py::TestAOSSOP::test_fd_is_not_none 
aossop_tests.py::TestAOSSOP::test_sc_fit 
aossop_tests.py::TestAOSSOP::test_sc_is_not_none 
aossop_tests.py::TestAOSSOP::test_sc_load 
aossop_tests.py::TestAOSSOP::test_sc_predict 
aossop_tests.py::TestAOSSOP::test_sc_save 
aossop_tests.py::TestAOSSOP::test_sc_type_is_correct 

================= 1 failed, 11 passed, 19 warnings in 11.58s ==================

Process finished with exit code 1